<?xml version="1.0" encoding="UTF-8"?>
<!-- Generated by org.testng.reporters.JUnitReportReporter -->
<testsuite hostname="Shumis-Air.fios-router.home" failures="0" tests="43" name="Test.HomePageTest" time="19.323" errors="0" timestamp="2022-12-08T17:23:05 EST" skipped="41">
  <testcase classname="Test.HomePageTest" name="how_to_handle_element_by_regular_method" time="9.507"/>
  <system-out/>
  <testcase classname="Test.HomePageTest" name="use_of_scroll_down_and_scroll_up_action" time="9.816"/>
  <system-out/>
  <testcase classname="Test.HomePageTest" name="use_of_sendkeys_method_then_click_by_enter_key_and_then_clear">
    <skipped/>
  </testcase> <!-- use_of_sendkeys_method_then_click_by_enter_key_and_then_clear -->
  <system-out/>
  <testcase classname="Test.HomePageTest" name="setASpecificSizeOfWindow">
    <skipped/>
  </testcase> <!-- setASpecificSizeOfWindow -->
  <system-out/>
  <testcase classname="Test.HomePageTest" name="newUserRegistrationClickTest04">
    <skipped/>
  </testcase> <!-- newUserRegistrationClickTest04 -->
  <system-out/>
  <testcase classname="Test.HomePageTest" name="loginBottomClick02">
    <skipped/>
  </testcase> <!-- loginBottomClick02 -->
  <system-out/>
  <testcase classname="Test.HomePageTest" name="use_of_click_method_in_oginBottomTest02">
    <skipped/>
  </testcase> <!-- use_of_click_method_in_oginBottomTest02 -->
  <system-out/>
  <testcase classname="Test.HomePageTest" name="forgotPasswordTest">
    <skipped/>
  </testcase> <!-- forgotPasswordTest -->
  <system-out/>
  <testcase classname="Test.HomePageTest" name="use_of_getAttribute_method">
    <skipped/>
  </testcase> <!-- use_of_getAttribute_method -->
  <system-out/>
  <testcase classname="Test.HomePageTest" name="newUserRegistrationBottomClickTest">
    <skipped/>
  </testcase> <!-- newUserRegistrationBottomClickTest -->
  <system-out/>
  <testcase classname="Test.HomePageTest" name="use_of_alternate_of_click_method_in_loginBottmTest">
    <skipped/>
  </testcase> <!-- use_of_alternate_of_click_method_in_loginBottmTest -->
  <system-out/>
  <testcase classname="Test.HomePageTest" name="use_of_sendkeys_method_then_click_submit_and_then_clear">
    <skipped/>
  </testcase> <!-- use_of_sendkeys_method_then_click_submit_and_then_clear -->
  <system-out/>
  <testcase classname="Test.HomePageTest" name="clickNewUserIdTest">
    <skipped/>
  </testcase> <!-- clickNewUserIdTest -->
  <system-out/>
  <testcase classname="Test.HomePageTest" name="logoButtonTest07">
    <skipped/>
  </testcase> <!-- logoButtonTest07 -->
  <system-out/>
  <testcase classname="Test.HomePageTest" name="use_of_sendkeys_method_by_javascriptExcutor">
    <skipped/>
  </testcase> <!-- use_of_sendkeys_method_by_javascriptExcutor -->
  <system-out/>
  <testcase classname="Test.HomePageTest" name="use_of_navigate_method">
    <skipped/>
  </testcase> <!-- use_of_navigate_method -->
  <system-out/>
  <testcase classname="Test.HomePageTest" name="loginBottomtest3">
    <skipped/>
  </testcase> <!-- loginBottomtest3 -->
  <system-out/>
  <testcase classname="Test.HomePageTest" name="use_of_isDelected_method">
    <skipped/>
  </testcase> <!-- use_of_isDelected_method -->
  <system-out/>
  <testcase classname="Test.HomePageTest" name="loginBottomTest01">
    <skipped/>
  </testcase> <!-- loginBottomTest01 -->
  <system-out/>
  <testcase classname="Test.HomePageTest" name="forgotUserIdTest">
    <skipped/>
  </testcase> <!-- forgotUserIdTest -->
  <system-out/>
  <testcase classname="Test.HomePageTest" name="use_of_explicty_wait_in_Mountsonai">
    <skipped/>
  </testcase> <!-- use_of_explicty_wait_in_Mountsonai -->
  <system-out/>
  <testcase classname="Test.HomePageTest" name="UserIdTest">
    <skipped/>
  </testcase> <!-- UserIdTest -->
  <system-out/>
  <testcase classname="Test.HomePageTest" name="use_of_alternate_of_click_method_in_loginButtonTest04">
    <skipped/>
  </testcase> <!-- use_of_alternate_of_click_method_in_loginButtonTest04 -->
  <system-out/>
  <testcase classname="Test.HomePageTest" name="loginBottomTest5">
    <skipped/>
  </testcase> <!-- loginBottomTest5 -->
  <system-out/>
  <testcase classname="Test.HomePageTest" name="mouseHoverActionOurLocations">
    <skipped/>
  </testcase> <!-- mouseHoverActionOurLocations -->
  <system-out/>
  <testcase classname="Test.HomePageTest" name="use_of_sendkeys_method">
    <skipped/>
  </testcase> <!-- use_of_sendkeys_method -->
  <system-out/>
  <testcase classname="Test.HomePageTest" name="loginBottomTest6">
    <skipped/>
  </testcase> <!-- loginBottomTest6 -->
  <system-out/>
  <testcase classname="Test.HomePageTest" name="unlockLlinkClickedTest">
    <skipped/>
  </testcase> <!-- unlockLlinkClickedTest -->
  <system-out/>
  <testcase classname="Test.HomePageTest" name="newUserRegistrationClickTest05">
    <skipped/>
  </testcase> <!-- newUserRegistrationClickTest05 -->
  <system-out/>
  <testcase classname="Test.HomePageTest" name="use_of_click_method_in_oginBottomTest01">
    <skipped/>
  </testcase> <!-- use_of_click_method_in_oginBottomTest01 -->
  <system-out/>
  <testcase classname="Test.HomePageTest" name="tableTest">
    <skipped/>
  </testcase> <!-- tableTest -->
  <system-out/>
  <testcase classname="Test.HomePageTest" name="newUserRegistrationClickTest03">
    <skipped/>
  </testcase> <!-- newUserRegistrationClickTest03 -->
  <system-out/>
  <testcase classname="Test.HomePageTest" name="mouseHoverActionAboutUs">
    <skipped/>
  </testcase> <!-- mouseHoverActionAboutUs -->
  <system-out/>
  <testcase classname="Test.HomePageTest" name="use_of_sendkeys_method_and_click">
    <skipped/>
  </testcase> <!-- use_of_sendkeys_method_and_click -->
  <system-out/>
  <testcase classname="Test.HomePageTest" name="use_of_getTitle_method">
    <skipped/>
  </testcase> <!-- use_of_getTitle_method -->
  <system-out/>
  <testcase classname="Test.HomePageTest" name="use_of_getCurrentURL_method">
    <skipped/>
  </testcase> <!-- use_of_getCurrentURL_method -->
  <system-out/>
  <testcase classname="Test.HomePageTest" name="logoTest">
    <skipped/>
  </testcase> <!-- logoTest -->
  <system-out/>
  <testcase classname="Test.HomePageTest" name="dropdown_selectByvisibleTest_method1">
    <skipped/>
  </testcase> <!-- dropdown_selectByvisibleTest_method1 -->
  <system-out/>
  <testcase classname="Test.HomePageTest" name="use_of_getTest_method">
    <skipped/>
  </testcase> <!-- use_of_getTest_method -->
  <system-out/>
  <testcase classname="Test.HomePageTest" name="dropdown_selectByIndex_method">
    <skipped/>
  </testcase> <!-- dropdown_selectByIndex_method -->
  <system-out/>
  <testcase classname="Test.HomePageTest" name="logoTest2">
    <skipped/>
  </testcase> <!-- logoTest2 -->
  <system-out/>
  <testcase classname="Test.HomePageTest" name="newUserRegistrationTest">
    <skipped/>
  </testcase> <!-- newUserRegistrationTest -->
  <system-out/>
  <testcase classname="Test.HomePageTest" name="loginBottomTest4">
    <skipped/>
  </testcase> <!-- loginBottomTest4 -->
  <system-out/>
</testsuite> <!-- Test.HomePageTest -->
